Tue Apr  2 19:51:34 2024       
+-----------------------------------------------------------------------------------------+
| NVIDIA-SMI 550.54.14              Driver Version: 550.54.14      CUDA Version: 12.4     |
|-----------------------------------------+------------------------+----------------------+
| GPU  Name                 Persistence-M | Bus-Id          Disp.A | Volatile Uncorr. ECC |
| Fan  Temp   Perf          Pwr:Usage/Cap |           Memory-Usage | GPU-Util  Compute M. |
|                                         |                        |               MIG M. |
|=========================================+========================+======================|
|   0  NVIDIA A100 80GB PCIe          On  |   00000000:CA:00.0 Off |                    0 |
| N/A   26C    P0             43W /  300W |       0MiB /  81920MiB |      0%   E. Process |
|                                         |                        |             Disabled |
+-----------------------------------------+------------------------+----------------------+
                                                                                         
+-----------------------------------------------------------------------------------------+
| Processes:                                                                              |
|  GPU   GI   CI        PID   Type   Process name                              GPU Memory |
|        ID   ID                                                               Usage      |
|=========================================================================================|
|  No running processes found                                                             |
+-----------------------------------------------------------------------------------------+

------------------------------------------------------------
Sender: LSF System <lsfadmin@hpc.dtu.dk>
Subject: Job 21136658: <sn-swin-gan> in cluster <dcc> Exited

Job <sn-swin-gan> was submitted from host <n-62-12-19> by user <s212645> in cluster <dcc> at Tue Apr  2 13:23:07 2024
Job was executed on host(s) <8*n-62-18-9>, in queue <gpua100>, as user <s212645> in cluster <dcc> at Tue Apr  2 19:51:30 2024
</zhome/02/b/164706> was used as the home directory.
</zhome/02/b/164706/Master_Courses/thesis/HSI-diffusion> was used as the working directory.
Started at Tue Apr  2 19:51:30 2024
Terminated at Tue Apr  2 19:52:13 2024
Results reported at Tue Apr  2 19:52:13 2024

Your job looked like:

------------------------------------------------------------
# LSBATCH: User input
#!/bin/sh
### General options
### –- specify queue --
#BSUB -q gpua100
#BSUB -R "select[gpu80gb]"
### -- set the job Name --
#BSUB -J sn-swin-gan
### -- ask for number of cores (default: 1) --
#BSUB -n 8
### -- specify that the cores must be on the same host --
#BSUB -R "span[hosts=1]"
### -- Select the resources: 1 gpu in exclusive process mode --
#BSUB -gpu "num=1:mode=exclusive_process"
### -- set walltime limit: hh:mm --  maximum 24 hours for GPU-queues right now
#BSUB -W 24:00
# request 40GB of system-memory
#BSUB -R "rusage[mem=40GB]"
### -- set the email address --
# please uncomment the following line and put in your e-mail address,
# if you want to receive e-mail notifications on a non-default address
#BSUB -u s212645@student.dtu.dk
### -- send notification at start --
#BSUB -B
### -- send notification at completion--
#BSUB -B
### -- Specify the output and error file. %J is the job-id --
### -- -o and -e mean append, -oo and -eo mean overwrite --
#BSUB -o sn-swin-gan%J.out
#BSUB -e sn-swin-gan%J.err
# -- end of LSF options --
nvidia-smi
module load cuda/11.8
module load cudnn/v8.9.1.23-prod-cuda-11.X 
cd /zhome/02/b/164706/
source ./miniconda3/bin/activate
conda activate pytorch
cd /zhome/02/b/164706/Master_Courses/thesis/HSI-diffusion/
export PYTHONUNBUFFERED=1
python -u train.py -c configs/gan.yaml --gpu_id 0 --batch_size 48 --mode train --end_epoch 200
# python -u models/gan/swin-gan.py --gpu_id 0 --batch_size 40 --G DTN --mode train
# python -u models/gan/swin-gan.py --gpu_id 0 --batch_size 16 --G DTN --mode train
------------------------------------------------------------

Exited with exit code 1.

Resource usage summary:

    CPU time :                                   15.17 sec.
    Max Memory :                                 119 MB
    Average Memory :                             119.00 MB
    Total Requested Memory :                     327680.00 MB
    Delta Memory :                               327561.00 MB
    Max Swap :                                   -
    Max Processes :                              4
    Max Threads :                                5
    Run time :                                   45 sec.
    Turnaround time :                            23346 sec.

The output (if any) is above this job summary.



PS:

Read file <sn-swin-gan21136658.err> for stderr output of this job.

